<?xml version="1.0" encoding="UTF-8"?>
<!-- Generated by org.testng.reporters.JUnitReportReporter -->
<testsuite hostname="LAPTOP-JAVD" failures="0" tests="1" name="com.suite.test.Leccion1_ValidacionInicialTest" time="6.637" errors="0" timestamp="2025-07-31T21:10:57 GMT-03:00" skipped="0">
  <testcase classname="com.suite.test.Leccion1_ValidacionInicialTest" name="validarTituloDeGoogle" time="6.637"/>
</testsuite> <!-- com.suite.test.Leccion1_ValidacionInicialTest -->
