<?xml version="1.0" encoding="UTF-8"?>
<!-- Generated by org.testng.reporters.JUnitReportReporter -->
<testsuite hostname="LAPTOP-JAVD" failures="0" tests="1" name="com.suite.test.Leccion1_ValidacionInicialTest" time="14.350" errors="0" timestamp="2025-08-01T22:33:07 GMT-03:00" skipped="0">
  <testcase classname="com.suite.test.Leccion1_ValidacionInicialTest" name="validarTituloDeGoogle" time="14.350"/>
</testsuite> <!-- com.suite.test.Leccion1_ValidacionInicialTest -->
