<?xml version="1.0" encoding="UTF-8"?>
<!-- Generated by org.testng.reporters.JUnitReportReporter -->
<testsuite hostname="LAPTOP-JAVD" failures="0" tests="1" name="com.suite.test.Leccion1_ValidacionInicialTest" time="27.549" errors="0" timestamp="2025-07-28T22:19:42 GMT-03:00" skipped="0">
  <testcase classname="com.suite.test.Leccion1_ValidacionInicialTest" name="validarTituloDeGoogle" time="27.549"/>
</testsuite> <!-- com.suite.test.Leccion1_ValidacionInicialTest -->
