<?xml version="1.0" encoding="UTF-8"?>
<!-- Generated by org.testng.reporters.JUnitReportReporter -->
<testsuite hostname="LAPTOP-JAVD" failures="0" tests="2" name="com.suite.test.Leccion2_SeleniumIDETest" time="22.226" errors="0" timestamp="2025-07-31T21:10:57 GMT-03:00" skipped="0">
  <testcase classname="com.suite.test.Leccion2_SeleniumIDETest" name="LoginTestCase" time="9.320"/>
  <testcase classname="com.suite.test.Leccion2_SeleniumIDETest" name="registroTestCase" time="12.906"/>
</testsuite> <!-- com.suite.test.Leccion2_SeleniumIDETest -->
