<?xml version="1.0" encoding="UTF-8"?>
<!-- Generated by org.testng.reporters.JUnitReportReporter -->
<testsuite hostname="LAPTOP-JAVD" failures="0" tests="4" name="com.suite.test.Leccion3_FlujoCriticoTest" time="73.423" errors="0" timestamp="2025-08-01T22:33:07 GMT-03:00" skipped="0">
  <testcase classname="com.suite.test.Leccion3_FlujoCriticoTest" name="testRegistration" time="16.877"/>
  <testcase classname="com.suite.test.Leccion3_FlujoCriticoTest" name="testRegistration" time="19.665"/>
  <testcase classname="com.suite.test.Leccion3_FlujoCriticoTest" name="testRegistration" time="16.362"/>
  <testcase classname="com.suite.test.Leccion3_FlujoCriticoTest" name="testRegistration" time="20.519"/>
</testsuite> <!-- com.suite.test.Leccion3_FlujoCriticoTest -->
