<?xml version="1.0" encoding="UTF-8"?>
<!-- Generated by org.testng.reporters.JUnitReportReporter -->
<testsuite hostname="LAPTOP-JAVD" failures="0" tests="4" name="com.suite.test.Leccion3_FlujoCriticoTest" time="44.046" errors="0" timestamp="2025-07-31T22:59:16 GMT-03:00" skipped="0">
  <testcase classname="com.suite.test.Leccion3_FlujoCriticoTest" name="testRegistration" time="11.039"/>
  <testcase classname="com.suite.test.Leccion3_FlujoCriticoTest" name="testRegistration" time="11.207"/>
  <testcase classname="com.suite.test.Leccion3_FlujoCriticoTest" name="testRegistration" time="11.418"/>
  <testcase classname="com.suite.test.Leccion3_FlujoCriticoTest" name="testRegistration" time="10.382"/>
</testsuite> <!-- com.suite.test.Leccion3_FlujoCriticoTest -->
