<?xml version="1.0" encoding="UTF-8"?>
<!-- Generated by org.testng.reporters.JUnitReportReporter -->
<testsuite hostname="LAPTOP-JAVD" failures="0" tests="4" name="com.suite.test.Leccion7_MultiplesDatosTest" time="80.093" errors="0" timestamp="2025-08-01T22:33:07 GMT-03:00" skipped="0">
  <testcase classname="com.suite.test.Leccion7_MultiplesDatosTest" name="testLogin" time="23.111"/>
  <testcase classname="com.suite.test.Leccion7_MultiplesDatosTest" name="testLogin" time="14.211"/>
  <testcase classname="com.suite.test.Leccion7_MultiplesDatosTest" name="testLogin" time="27.151"/>
  <testcase classname="com.suite.test.Leccion7_MultiplesDatosTest" name="testLogin" time="15.620"/>
</testsuite> <!-- com.suite.test.Leccion7_MultiplesDatosTest -->
