<?xml version="1.0" encoding="UTF-8"?>
<!-- Generated by org.testng.reporters.JUnitReportReporter -->
<testsuite hostname="LAPTOP-JAVD" failures="0" tests="4" name="com.suite.test.Leccion7_MultiplesDatosTest" time="48.667" errors="0" timestamp="2025-07-31T22:59:16 GMT-03:00" skipped="0">
  <testcase classname="com.suite.test.Leccion7_MultiplesDatosTest" name="testLogin" time="7.841"/>
  <testcase classname="com.suite.test.Leccion7_MultiplesDatosTest" name="testLogin" time="9.204"/>
  <testcase classname="com.suite.test.Leccion7_MultiplesDatosTest" name="testLogin" time="16.156"/>
  <testcase classname="com.suite.test.Leccion7_MultiplesDatosTest" name="testLogin" time="15.466"/>
</testsuite> <!-- com.suite.test.Leccion7_MultiplesDatosTest -->
