<?xml version="1.0" encoding="UTF-8"?>
<!-- Generated by org.testng.reporters.JUnitReportReporter -->
<testsuite hostname="LAPTOP-JAVD" failures="0" tests="2" name="com.suite.test.Leccion2_SeleniumIDETest" time="40.468" errors="0" timestamp="2025-08-01T22:33:07 GMT-03:00" skipped="0">
  <testcase classname="com.suite.test.Leccion2_SeleniumIDETest" name="registroTestCase" time="25.349"/>
  <testcase classname="com.suite.test.Leccion2_SeleniumIDETest" name="LoginTestCase" time="15.119"/>
</testsuite> <!-- com.suite.test.Leccion2_SeleniumIDETest -->
